<?xml version="1.0" encoding="UTF-8"?>
<!-- Generated by org.testng.reporters.JUnitReportReporter -->
<testsuite hostname="anoosh-e6510" name="testngpack.Customers" tests="3" failures="0" timestamp="15 Feb 2015 07:08:29 GMT" time="0.010" errors="0">
  <testcase name="editCustomer" time="0.000" classname="testngpack.Customers"/>
  <testcase name="createCustomer" time="0.010" classname="testngpack.Customers"/>
  <testcase name="deleteCustomer" time="0.000" classname="testngpack.Customers"/>
</testsuite> <!-- testngpack.Customers -->
