<?xml version="1.0" encoding="UTF-8"?>
<!-- Generated by org.testng.reporters.JUnitReportReporter -->
<testsuite hostname="anoosh-e6510" name="testngpack.Users" tests="3" failures="0" timestamp="15 Feb 2015 07:08:29 GMT" time="0.010" errors="0">
  <testcase name="deleteUsers" time="0.000" classname="testngpack.Users"/>
  <testcase name="editUsers" time="0.010" classname="testngpack.Users"/>
  <testcase name="createUsers" time="0.000" classname="testngpack.Users"/>
</testsuite> <!-- testngpack.Users -->
