<?xml version="1.0" encoding="UTF-8"?>
<!-- Generated by org.testng.reporters.JUnitReportReporter -->
<testsuite hostname="anoosh-e6510" name="com.mindq.actitime.users.CreateUsers" tests="1" failures="0" timestamp="15 Feb 2015 08:37:28 GMT" time="0.000" errors="0">
  <testcase name="testCreateUsers" time="0.000" classname="com.mindq.actitime.users.CreateUsers"/>
</testsuite> <!-- com.mindq.actitime.users.CreateUsers -->
