<?xml version="1.0" encoding="UTF-8"?>
<!-- Generated by org.testng.reporters.JUnitReportReporter -->
<testsuite hostname="anoosh-e6510" name="com.mindq.actitime.tasks.CreateCustomer" tests="1" failures="0" timestamp="15 Feb 2015 10:35:23 GMT" time="27.264" errors="0">
  <testcase name="testCreateCustomer" time="27.264" classname="com.mindq.actitime.tasks.CreateCustomer"/>
</testsuite> <!-- com.mindq.actitime.tasks.CreateCustomer -->
