<?xml version="1.0" encoding="UTF-8"?>
<!-- Generated by org.testng.reporters.JUnitReportReporter -->
<testsuite hostname="anoosh-e6510" name="com.mindq.actitime.tasks.DeleteCustomers" tests="1" failures="0" timestamp="15 Feb 2015 10:35:23 GMT" time="19.690" errors="0">
  <testcase name="testDeleteCustomer" time="19.690" classname="com.mindq.actitime.tasks.DeleteCustomers"/>
</testsuite> <!-- com.mindq.actitime.tasks.DeleteCustomers -->
